SF:lib/core/data_state/data_state.dart
DA:8,2
DA:10,2
DA:11,2
DA:14,2
DA:15,2
LF:5
LH:5
end_of_record
SF:lib/features/wallet/data/models/wallet_card_information.dart
DA:6,2
LF:1
LH:1
end_of_record
SF:lib/features/wallet/domain/usecases/get_user_card_information_use_case.dart
DA:11,0
DA:13,0
DA:14,0
LF:3
LH:0
end_of_record
SF:lib/features/wallet/presentation/bloc/wallet_event.dart
DA:4,1
DA:6,0
DA:7,0
LF:3
LH:1
end_of_record
SF:lib/features/wallet/presentation/bloc/wallet_state.dart
DA:4,2
DA:6,0
DA:7,0
DA:16,1
DA:18,0
DA:19,0
LF:6
LH:2
end_of_record
SF:lib/features/wallet/presentation/bloc/wallet_bloc.dart
DA:18,0
DA:19,0
DA:22,0
DA:24,0
DA:26,0
DA:27,0
DA:28,0
DA:29,0
DA:30,0
DA:31,0
DA:33,0
LF:11
LH:0
end_of_record
SF:lib/features/wallet/presentation/screens/wallet_screen.dart
DA:15,1
DA:17,1
DA:18,1
DA:24,1
DA:26,1
DA:27,5
DA:28,1
DA:29,1
DA:30,1
DA:32,1
DA:33,1
DA:35,1
DA:37,1
DA:38,2
DA:39,1
DA:52,1
DA:53,1
DA:55,1
DA:57,1
DA:58,1
DA:60,2
DA:62,1
DA:63,0
DA:64,1
DA:65,1
DA:67,1
DA:68,1
DA:72,1
DA:74,1
DA:75,0
DA:76,1
DA:92,1
DA:93,1
DA:95,1
DA:96,1
DA:97,1
DA:98,1
DA:100,1
DA:106,1
DA:109,1
DA:110,1
DA:111,1
DA:114,1
DA:117,1
DA:119,1
DA:120,1
DA:123,1
DA:124,1
DA:126,1
DA:129,1
DA:130,1
DA:131,1
DA:135,1
DA:138,1
DA:139,1
DA:141,1
DA:144,1
DA:145,1
DA:146,1
DA:157,1
DA:158,1
DA:160,1
DA:161,1
DA:163,1
LF:64
LH:62
end_of_record
SF:lib/features/wallet/data/repository/wallet_repository_impl.dart
DA:10,0
DA:13,0
LF:2
LH:0
end_of_record
SF:lib/core/di/injection.dart
DA:7,3
DA:9,0
DA:10,0
LF:3
LH:1
end_of_record
SF:lib/core/ui/theme/button_style.dart
DA:3,1
DA:4,1
DA:5,2
DA:6,2
DA:7,1
DA:8,1
LF:6
LH:6
end_of_record
SF:lib/core/ui/theme/text_style.dart
DA:5,3
DA:11,0
DA:16,0
DA:22,0
DA:28,3
DA:33,3
DA:38,3
LF:7
LH:4
end_of_record
